0 info it worked if it ends with ok
1 verbose cli [ '/Users/alonsoholmes/.nvm/v0.8.25/bin/node',
1 verbose cli   '/Users/alonsoholmes/.nvm/v0.8.25/bin/npm',
1 verbose cli   'info',
1 verbose cli   'am-time-ago' ]
2 info using npm@1.2.30
3 info using node@v0.8.25
4 verbose url raw am-time-ago
5 verbose url resolving [ 'https://registry.npmjs.org/', './am-time-ago' ]
6 verbose url resolved https://registry.npmjs.org/am-time-ago
7 info trying registry request attempt 1 at 23:37:00
8 http GET https://registry.npmjs.org/am-time-ago
9 http 404 https://registry.npmjs.org/am-time-ago
10 silly registry.get cb [ 404,
10 silly registry.get   { server: 'CouchDB/1.3.1 (Erlang OTP/R15B03)',
10 silly registry.get     date: 'Sun, 17 Nov 2013 04:37:01 GMT',
10 silly registry.get     'content-type': 'application/json',
10 silly registry.get     'content-length': '52',
10 silly registry.get     'cache-control': 'must-revalidate' } ]
11 error 404 'am-time-ago' is not in the npm registry.
11 error 404 You should bug the author to publish it
11 error 404
11 error 404 Note that you can also install from a
11 error 404 tarball, folder, or http url, or git url.
12 error System Darwin 13.0.0
13 error command "/Users/alonsoholmes/.nvm/v0.8.25/bin/node" "/Users/alonsoholmes/.nvm/v0.8.25/bin/npm" "info" "am-time-ago"
14 error cwd /Users/alonsoholmes/Developer/stream
15 error node -v v0.8.25
16 error npm -v 1.2.30
17 error code E404
18 verbose exit [ 1, true ]
